<?xml version="1.0" encoding="UTF-8"?>
<testng-results skipped="0" failed="0" ignored="0" total="3" passed="3">
  <reporter-output>
  </reporter-output>
  <suite name="Default suite" duration-ms="2017" started-at="2019-05-01T21:02:21Z" finished-at="2019-05-01T21:02:23Z">
    <groups>
    </groups>
    <test name="Default test" duration-ms="2017" started-at="2019-05-01T21:02:21Z" finished-at="2019-05-01T21:02:23Z">
      <class name="sel_google.sel_google">
        <test-method status="PASS" signature="openBrowser1()[pri:0, instance:sel_google.sel_google@bd4dc25]" name="openBrowser1" duration-ms="979" started-at="2019-05-01T21:02:21Z" finished-at="2019-05-01T21:02:22Z">
          <reporter-output>
          </reporter-output>
        </test-method> <!-- openBrowser1 -->
        <test-method status="PASS" signature="openBrowser2()[pri:0, instance:sel_google.sel_google@bd4dc25]" name="openBrowser2" duration-ms="534" started-at="2019-05-01T21:02:22Z" finished-at="2019-05-01T21:02:22Z">
          <reporter-output>
          </reporter-output>
        </test-method> <!-- openBrowser2 -->
        <test-method status="PASS" signature="openBrowser3()[pri:0, instance:sel_google.sel_google@bd4dc25]" name="openBrowser3" duration-ms="385" started-at="2019-05-01T21:02:22Z" finished-at="2019-05-01T21:02:23Z">
          <reporter-output>
          </reporter-output>
        </test-method> <!-- openBrowser3 -->
        <test-method status="PASS" signature="afterClass()[pri:0, instance:sel_google.sel_google@bd4dc25]" name="afterClass" is-config="true" duration-ms="75" started-at="2019-05-01T21:02:23Z" finished-at="2019-05-01T21:02:23Z">
          <reporter-output>
          </reporter-output>
        </test-method> <!-- afterClass -->
      </class> <!-- sel_google.sel_google -->
    </test> <!-- Default test -->
  </suite> <!-- Default suite -->
</testng-results>
